{"contracts/Raffle.sol":{"l":{"64":3,"65":3,"66":3,"67":3,"68":3,"69":3,"70":3,"71":3,"75":6,"76":5,"77":1,"79":4,"83":4,"89":2,"90":2,"91":0,"93":2,"94":2,"101":2,"124":4,"127":4,"128":4,"129":4,"130":4,"137":0,"138":0,"139":0,"141":0,"142":0,"144":0,"145":0,"147":0,"148":0,"150":0,"154":7,"157":1,"160":0,"163":2,"166":0,"169":0,"172":0,"175":7},"path":"/home/souvik/Blockchaincode/hacktoberfest-meetup/blockchaincode/hardhat-smartcontract-lottery/contracts/Raffle.sol","s":{"1":6,"2":5,"3":4,"4":4,"5":2,"6":2,"7":2,"8":2,"9":4,"10":4,"11":4,"12":4,"13":0,"14":0,"15":0,"16":0,"17":0,"18":7,"19":1,"20":0,"21":2,"22":0,"23":0,"24":0,"25":7},"b":{"1":[1,5],"2":[1,4],"3":[0,2],"4":[0,0]},"f":{"1":3,"2":6,"3":2,"4":4,"5":0,"6":7,"7":1,"8":0,"9":2,"10":0,"11":0,"12":0,"13":7},"fnMap":{"1":{"name":"constructor","line":63,"loc":{"start":{"line":61,"column":4},"end":{"line":72,"column":4}}},"2":{"name":"enterRaffle","line":73,"loc":{"start":{"line":73,"column":4},"end":{"line":84,"column":4}}},"3":{"name":"performUpkeep","line":85,"loc":{"start":{"line":85,"column":4},"end":{"line":102,"column":4}}},"4":{"name":"checkUpkeep","line":113,"loc":{"start":{"line":113,"column":3},"end":{"line":132,"column":4}}},"5":{"name":"fulfillRandomWords","line":134,"loc":{"start":{"line":134,"column":4},"end":{"line":151,"column":4}}},"6":{"name":"getEntranceFee","line":153,"loc":{"start":{"line":153,"column":4},"end":{"line":155,"column":4}}},"7":{"name":"getPlayer","line":156,"loc":{"start":{"line":156,"column":4},"end":{"line":158,"column":4}}},"8":{"name":"getRecentWinner","line":159,"loc":{"start":{"line":159,"column":4},"end":{"line":161,"column":4}}},"9":{"name":"getRaffleState","line":162,"loc":{"start":{"line":162,"column":4},"end":{"line":164,"column":4}}},"10":{"name":"getNumWords","line":165,"loc":{"start":{"line":165,"column":6},"end":{"line":167,"column":4}}},"11":{"name":"getLastTimeStamp","line":168,"loc":{"start":{"line":168,"column":4},"end":{"line":170,"column":4}}},"12":{"name":"getRequestConfirmation","line":171,"loc":{"start":{"line":171,"column":4},"end":{"line":173,"column":4}}},"13":{"name":"getInterval","line":174,"loc":{"start":{"line":174,"column":3},"end":{"line":176,"column":4}}}},"statementMap":{"1":{"start":{"line":75,"column":8},"end":{"line":75,"column":73}},"2":{"start":{"line":76,"column":8},"end":{"line":76,"column":2544}},"3":{"start":{"line":79,"column":8},"end":{"line":79,"column":42}},"4":{"start":{"line":83,"column":8},"end":{"line":83,"column":36}},"5":{"start":{"line":89,"column":8},"end":{"line":89,"column":44}},"6":{"start":{"line":90,"column":8},"end":{"line":90,"column":3082}},"7":{"start":{"line":94,"column":8},"end":{"line":94,"column":3274}},"8":{"start":{"line":101,"column":8},"end":{"line":101,"column":45}},"9":{"start":{"line":124,"column":7},"end":{"line":124,"column":52}},"10":{"start":{"line":127,"column":7},"end":{"line":127,"column":71}},"11":{"start":{"line":128,"column":7},"end":{"line":128,"column":43}},"12":{"start":{"line":129,"column":7},"end":{"line":129,"column":46}},"13":{"start":{"line":137,"column":8},"end":{"line":137,"column":62}},"14":{"start":{"line":138,"column":8},"end":{"line":138,"column":61}},"15":{"start":{"line":145,"column":8},"end":{"line":145,"column":74}},"16":{"start":{"line":147,"column":8},"end":{"line":147,"column":5209}},"17":{"start":{"line":150,"column":8},"end":{"line":150,"column":39}},"18":{"start":{"line":154,"column":8},"end":{"line":154,"column":28}},"19":{"start":{"line":157,"column":8},"end":{"line":157,"column":31}},"20":{"start":{"line":160,"column":8},"end":{"line":160,"column":29}},"21":{"start":{"line":163,"column":8},"end":{"line":163,"column":28}},"22":{"start":{"line":166,"column":8},"end":{"line":166,"column":24}},"23":{"start":{"line":169,"column":8},"end":{"line":169,"column":30}},"24":{"start":{"line":172,"column":8},"end":{"line":172,"column":36}},"25":{"start":{"line":175,"column":8},"end":{"line":175,"column":25}}},"branchMap":{"1":{"line":75,"type":"if","locations":[{"start":{"line":75,"column":8},"end":{"line":75,"column":8}},{"start":{"line":75,"column":8},"end":{"line":75,"column":8}}]},"2":{"line":76,"type":"if","locations":[{"start":{"line":76,"column":8},"end":{"line":76,"column":8}},{"start":{"line":76,"column":8},"end":{"line":76,"column":8}}]},"3":{"line":90,"type":"if","locations":[{"start":{"line":90,"column":8},"end":{"line":90,"column":8}},{"start":{"line":90,"column":8},"end":{"line":90,"column":8}}]},"4":{"line":147,"type":"if","locations":[{"start":{"line":147,"column":8},"end":{"line":147,"column":8}},{"start":{"line":147,"column":8},"end":{"line":147,"column":8}}]}}},"contracts/test/VRFCoordinatorV2Mock.sol":{"l":{},"path":"/home/souvik/Blockchaincode/hacktoberfest-meetup/blockchaincode/hardhat-smartcontract-lottery/contracts/test/VRFCoordinatorV2Mock.sol","s":{},"b":{},"f":{},"fnMap":{},"statementMap":{},"branchMap":{}}}